#
# There is insufficient memory for the Java Runtime Environment to continue.
# Native memory allocation (malloc) failed to allocate 1484816 bytes for Chunk::new
# Possible reasons:
#   The system is out of physical RAM or swap space
#   In 32 bit mode, the process size limit was hit
# Possible solutions:
#   Reduce memory load on the system
#   Increase physical memory or swap space
#   Check if swap backing store is full
#   Use 64 bit Java on a 64 bit OS
#   Decrease Java heap size (-Xmx/-Xms)
#   Decrease number of Java threads
#   Decrease Java thread stack sizes (-Xss)
#   Set larger code cache with -XX:ReservedCodeCacheSize=
# This output file may be truncated or incomplete.
#
#  Out of Memory Error (allocation.cpp:390), pid=27248, tid=180
#
# JRE version: Java(TM) SE Runtime Environment (8.0_45-b15) (build 1.8.0_45-b15)
# Java VM: Java HotSpot(TM) 64-Bit Server VM (25.45-b02 mixed mode windows-amd64 compressed oops)
# Failed to write core dump. Minidumps are not enabled by default on client versions of Windows
#

---------------  T H R E A D  ---------------

Current thread (0x000000001d5cd800):  JavaThread "C2 CompilerThread0" daemon [_thread_in_native, id=180, stack(0x000000001ed60000,0x000000001ee60000)]

Stack: [0x000000001ed60000,0x000000001ee60000]
[error occurred during error reporting (printing stack bounds), id 0xc0000005]

Native frames: (J=compiled Java code, j=interpreted, Vv=VM code, C=native code)
V  [jvm.dll+0x32b57a]
V  [jvm.dll+0x279873]
V  [jvm.dll+0x27a509]
V  [jvm.dll+0x2934e6]
V  [jvm.dll+0x297e0c]
V  [jvm.dll+0x5ca86f]
C  [msvcr100.dll+0x712e3]
V  [jvm.dll+0x5c9f6d]
C  [ntdll.dll+0x29d0d]
C  [ntdll.dll+0x191af]
C  [ntdll.dll+0x51278]
V  [jvm.dll+0x21bcd1]


Current CompileTask:
C2:   4126 3024       4       org.springframework.asm.MethodVisitor::visitMethodInsn (68 bytes)


---------------  P R O C E S S  ---------------

Java Threads: ( => current thread )
  0x00000000216f7000 JavaThread "Keep-Alive-Timer" daemon [_thread_blocked, id=29440, stack(0x00000000242c0000,0x00000000243c0000)]
  0x0000000020c46800 JavaThread "spring.cloud.inetutils" daemon [_thread_blocked, id=29084, stack(0x0000000022320000,0x0000000022420000)]
  0x000000001f980000 JavaThread "Monitor Ctrl-Break" daemon [_thread_in_native, id=25760, stack(0x000000001fdf0000,0x000000001fef0000)]
  0x000000001d648000 JavaThread "Service Thread" daemon [_thread_blocked, id=26752, stack(0x000000001e970000,0x000000001ea70000)]
  0x000000001d5ff000 JavaThread "C1 CompilerThread3" daemon [_thread_blocked, id=30248, stack(0x000000001f2d0000,0x000000001f3d0000)]
  0x000000001d5de000 JavaThread "C2 CompilerThread2" daemon [_thread_in_native, id=12088, stack(0x000000001f180000,0x000000001f280000)]
  0x000000001d5d3000 JavaThread "C2 CompilerThread1" daemon [_thread_in_native, id=27212, stack(0x000000001eff0000,0x000000001f0f0000)]
=>0x000000001d5cd800 JavaThread "C2 CompilerThread0" daemon [_thread_in_native, id=180, stack(0x000000001ed60000,0x000000001ee60000)]
  0x000000001d5c9000 JavaThread "Attach Listener" daemon [_thread_blocked, id=24804, stack(0x000000001eb90000,0x000000001ec90000)]
  0x000000001d5c7800 JavaThread "Signal Dispatcher" daemon [_thread_blocked, id=28324, stack(0x000000001ea90000,0x000000001eb90000)]
  0x000000001c625800 JavaThread "Finalizer" daemon [_thread_blocked, id=13256, stack(0x000000001e840000,0x000000001e940000)]
  0x000000001c61e800 JavaThread "Reference Handler" daemon [_thread_blocked, id=29000, stack(0x000000001e740000,0x000000001e840000)]
  0x00000000022d1800 JavaThread "main" [_thread_in_vm, id=13332, stack(0x0000000002690000,0x0000000002790000)]

Other Threads:
  0x000000001c617800 VMThread [stack: 0x000000001e580000,0x000000001e680000] [id=26844]
  0x000000001d64c800 WatcherThread [stack: 0x000000001eea0000,0x000000001efa0000] [id=20820]

VM state:at safepoint (normal execution)

VM Mutex/Monitor currently owned by a thread:  ([mutex/lock_event])
[0x00000000022ceeb0] Threads_lock - owner thread: 0x000000001c617800
[0x00000000022cf8b0] Compile_lock - owner thread: 0x00000000022d1800

Heap:
 PSYoungGen      total 228352K, used 43099K [0x000000076b200000, 0x000000077c380000, 0x00000007c0000000)
  eden space 217600K, 14% used [0x000000076b200000,0x000000076d199258,0x0000000778680000)
  from space 10752K, 99% used [0x000000077ae80000,0x000000077b8fd9e0,0x000000077b900000)
  to   space 7168K, 0% used [0x000000077bc80000,0x000000077bc80000,0x000000077c380000)
 ParOldGen       total 100864K, used 14931K [0x00000006c1600000, 0x00000006c7880000, 0x000000076b200000)
  object space 100864K, 14% used [0x00000006c1600000,0x00000006c2494c20,0x00000006c7880000)
 Metaspace       used 27936K, capacity 28150K, committed 28544K, reserved 1075200K
  class space    used 3551K, capacity 3628K, committed 3712K, reserved 1048576K

Card table byte_map: [0x0000000011e20000,0x0000000012620000] byte_map_base: 0x000000000e815000

Marking Bits: (ParMarkBitMap*) 0x0000000070774040
 Begin Bits: [0x00000000134e0000, 0x0000000017488000)
 End Bits:   [0x0000000017488000, 0x000000001b430000)

Polling page: 0x00000000001f0000

CodeCache: size=245760Kb used=12599Kb max_used=12599Kb free=233160Kb
 bounds [0x0000000002a60000, 0x00000000036c0000, 0x0000000011a60000]
 total_blobs=3619 nmethods=3211 adapters=319
 compilation: enabled

Compilation events (10 events):
Event: 4.045 Thread 0x000000001d5ff000 3228       2       org.springframework.cglib.proxy.Enhancer::rename (57 bytes)
Event: 4.045 Thread 0x000000001d5ff000 nmethod 3228 0x00000000036a46d0 code [0x00000000036a4880, 0x00000000036a4cf8]
Event: 4.052 Thread 0x000000001d5ff000 3231       2       org.springframework.asm.Frame::init (77 bytes)
Event: 4.052 Thread 0x000000001d5ff000 nmethod 3231 0x00000000036a5090 code [0x00000000036a5200, 0x00000000036a55c8]
Event: 4.052 Thread 0x000000001d5ff000 3232       2       org.springframework.cglib.core.CodeEmitter::goTo (12 bytes)
Event: 4.052 Thread 0x000000001d5ff000 nmethod 3232 0x00000000036a5750 code [0x00000000036a58c0, 0x00000000036a5a48]
Event: 4.057 Thread 0x000000001d5ff000 3233       2       org.springframework.cglib.core.CodeEmitter::newarray (8 bytes)
Event: 4.058 Thread 0x000000001d5ff000 nmethod 3233 0x00000000036a5ad0 code [0x00000000036a5ca0, 0x00000000036a6168]
Event: 4.058 Thread 0x000000001d5ff000 3234       1       org.springframework.cglib.core.AbstractClassGenerator::access$000 (5 bytes)
Event: 4.058 Thread 0x000000001d5ff000 nmethod 3234 0x00000000036a6550 code [0x00000000036a66a0, 0x00000000036a6790]

GC Heap History (10 events):
Event: 1.419 GC heap before
{Heap before GC invocations=2 (full 0):
 PSYoungGen      total 76288K, used 71942K [0x000000076b200000, 0x0000000774700000, 0x00000007c0000000)
  eden space 65536K, 100% used [0x000000076b200000,0x000000076f200000,0x000000076f200000)
  from space 10752K, 59% used [0x000000076f200000,0x000000076f841be0,0x000000076fc80000)
  to   space 10752K, 0% used [0x0000000773c80000,0x0000000773c80000,0x0000000774700000)
 ParOldGen       total 175104K, used 8K [0x00000006c1600000, 0x00000006cc100000, 0x000000076b200000)
  object space 175104K, 0% used [0x00000006c1600000,0x00000006c1602000,0x00000006cc100000)
 Metaspace       used 17411K, capacity 17618K, committed 17920K, reserved 1064960K
  class space    used 2159K, capacity 2219K, committed 2304K, reserved 1048576K
Event: 1.431 GC heap after
Heap after GC invocations=2 (full 0):
 PSYoungGen      total 141824K, used 10723K [0x000000076b200000, 0x0000000774700000, 0x00000007c0000000)
  eden space 131072K, 0% used [0x000000076b200000,0x000000076b200000,0x0000000773200000)
  from space 10752K, 99% used [0x0000000773c80000,0x00000007746f8ff0,0x0000000774700000)
  to   space 10752K, 0% used [0x0000000773200000,0x0000000773200000,0x0000000773c80000)
 ParOldGen       total 175104K, used 2561K [0x00000006c1600000, 0x00000006cc100000, 0x000000076b200000)
  object space 175104K, 1% used [0x00000006c1600000,0x00000006c18807c8,0x00000006cc100000)
 Metaspace       used 17411K, capacity 17618K, committed 17920K, reserved 1064960K
  class space    used 2159K, capacity 2219K, committed 2304K, reserved 1048576K
}
Event: 1.880 GC heap before
{Heap before GC invocations=3 (full 0):
 PSYoungGen      total 141824K, used 73046K [0x000000076b200000, 0x0000000774700000, 0x00000007c0000000)
  eden space 131072K, 47% used [0x000000076b200000,0x000000076eedcbe0,0x0000000773200000)
  from space 10752K, 99% used [0x0000000773c80000,0x00000007746f8ff0,0x0000000774700000)
  to   space 10752K, 0% used [0x0000000773200000,0x0000000773200000,0x0000000773c80000)
 ParOldGen       total 175104K, used 2561K [0x00000006c1600000, 0x00000006cc100000, 0x000000076b200000)
  object space 175104K, 1% used [0x00000006c1600000,0x00000006c18807c8,0x00000006cc100000)
 Metaspace       used 20912K, capacity 21096K, committed 21296K, reserved 1069056K
  class space    used 2635K, capacity 2671K, committed 2688K, reserved 1048576K
Event: 1.887 GC heap after
Heap after GC invocations=3 (full 0):
 PSYoungGen      total 141824K, used 10741K [0x000000076b200000, 0x000000077c700000, 0x00000007c0000000)
  eden space 131072K, 0% used [0x000000076b200000,0x000000076b200000,0x0000000773200000)
  from space 10752K, 99% used [0x0000000773200000,0x0000000773c7d428,0x0000000773c80000)
  to   space 10752K, 0% used [0x000000077bc80000,0x000000077bc80000,0x000000077c700000)
 ParOldGen       total 175104K, used 3099K [0x00000006c1600000, 0x00000006cc100000, 0x000000076b200000)
  object space 175104K, 1% used [0x00000006c1600000,0x00000006c1906ca8,0x00000006cc100000)
 Metaspace       used 20912K, capacity 21096K, committed 21296K, reserved 1069056K
  class space    used 2635K, capacity 2671K, committed 2688K, reserved 1048576K
}
Event: 1.887 GC heap before
{Heap before GC invocations=4 (full 1):
 PSYoungGen      total 141824K, used 10741K [0x000000076b200000, 0x000000077c700000, 0x00000007c0000000)
  eden space 131072K, 0% used [0x000000076b200000,0x000000076b200000,0x0000000773200000)
  from space 10752K, 99% used [0x0000000773200000,0x0000000773c7d428,0x0000000773c80000)
  to   space 10752K, 0% used [0x000000077bc80000,0x000000077bc80000,0x000000077c700000)
 ParOldGen       total 175104K, used 3099K [0x00000006c1600000, 0x00000006cc100000, 0x000000076b200000)
  object space 175104K, 1% used [0x00000006c1600000,0x00000006c1906ca8,0x00000006cc100000)
 Metaspace       used 20912K, capacity 21096K, committed 21296K, reserved 1069056K
  class space    used 2635K, capacity 2671K, committed 2688K, reserved 1048576K
Event: 1.913 GC heap after
Heap after GC invocations=4 (full 1):
 PSYoungGen      total 141824K, used 0K [0x000000076b200000, 0x000000077c700000, 0x00000007c0000000)
  eden space 131072K, 0% used [0x000000076b200000,0x000000076b200000,0x0000000773200000)
  from space 10752K, 0% used [0x0000000773200000,0x0000000773200000,0x0000000773c80000)
  to   space 10752K, 0% used [0x000000077bc80000,0x000000077bc80000,0x000000077c700000)
 ParOldGen       total 100864K, used 10924K [0x00000006c1600000, 0x00000006c7880000, 0x000000076b200000)
  object space 100864K, 10% used [0x00000006c1600000,0x00000006c20ab068,0x00000006c7880000)
 Metaspace       used 20912K, capacity 21096K, committed 21296K, reserved 1069056K
  class space    used 2635K, capacity 2671K, committed 2688K, reserved 1048576K
}
Event: 2.827 GC heap before
{Heap before GC invocations=5 (full 1):
 PSYoungGen      total 141824K, used 131072K [0x000000076b200000, 0x000000077c700000, 0x00000007c0000000)
  eden space 131072K, 100% used [0x000000076b200000,0x0000000773200000,0x0000000773200000)
  from space 10752K, 0% used [0x0000000773200000,0x0000000773200000,0x0000000773c80000)
  to   space 10752K, 0% used [0x000000077bc80000,0x000000077bc80000,0x000000077c700000)
 ParOldGen       total 100864K, used 10924K [0x00000006c1600000, 0x00000006c7880000, 0x000000076b200000)
  object space 100864K, 10% used [0x00000006c1600000,0x00000006c20ab068,0x00000006c7880000)
 Metaspace       used 23382K, capacity 23600K, committed 23808K, reserved 1071104K
  class space    used 2948K, capacity 3003K, committed 3072K, reserved 1048576K
Event: 2.846 GC heap after
Heap after GC invocations=5 (full 1):
 PSYoungGen      total 224768K, used 6676K [0x000000076b200000, 0x000000077c380000, 0x00000007c0000000)
  eden space 217600K, 0% used [0x000000076b200000,0x000000076b200000,0x0000000778680000)
  from space 7168K, 93% used [0x000000077bc80000,0x000000077c305160,0x000000077c380000)
  to   space 10752K, 0% used [0x000000077ae80000,0x000000077ae80000,0x000000077b900000)
 ParOldGen       total 100864K, used 10932K [0x00000006c1600000, 0x00000006c7880000, 0x000000076b200000)
  object space 100864K, 10% used [0x00000006c1600000,0x00000006c20ad068,0x00000006c7880000)
 Metaspace       used 23382K, capacity 23600K, committed 23808K, reserved 1071104K
  class space    used 2948K, capacity 3003K, committed 3072K, reserved 1048576K
}
Event: 3.819 GC heap before
{Heap before GC invocations=6 (full 1):
 PSYoungGen      total 224768K, used 224276K [0x000000076b200000, 0x000000077c380000, 0x00000007c0000000)
  eden space 217600K, 100% used [0x000000076b200000,0x0000000778680000,0x0000000778680000)
  from space 7168K, 93% used [0x000000077bc80000,0x000000077c305160,0x000000077c380000)
  to   space 10752K, 0% used [0x000000077ae80000,0x000000077ae80000,0x000000077b900000)
 ParOldGen       total 100864K, used 10932K [0x00000006c1600000, 0x00000006c7880000, 0x000000076b200000)
  object space 100864K, 10% used [0x00000006c1600000,0x00000006c20ad068,0x00000006c7880000)
 Metaspace       used 26730K, capacity 26974K, committed 27136K, reserved 1073152K
  class space    used 3440K, capacity 3496K, committed 3584K, reserved 1048576K
Event: 3.830 GC heap after
Heap after GC invocations=6 (full 1):
 PSYoungGen      total 228352K, used 10742K [0x000000076b200000, 0x000000077c380000, 0x00000007c0000000)
  eden space 217600K, 0% used [0x000000076b200000,0x000000076b200000,0x0000000778680000)
  from space 10752K, 99% used [0x000000077ae80000,0x000000077b8fd9e0,0x000000077b900000)
  to   space 7168K, 0% used [0x000000077bc80000,0x000000077bc80000,0x000000077c380000)
 ParOldGen       total 100864K, used 14931K [0x00000006c1600000, 0x00000006c7880000, 0x000000076b200000)
  object space 100864K, 14% used [0x00000006c1600000,0x00000006c2494c20,0x00000006c7880000)
 Metaspace       used 26730K, capacity 26974K, committed 27136K, reserved 1073152K
  class space    used 3440K, capacity 3496K, committed 3584K, reserved 1048576K
}

Deoptimization events (10 events):
Event: 3.444 Thread 0x00000000022d1800 Uncommon trap: reason=bimorphic action=maybe_recompile pc=0x0000000003438328 method=java.util.Collections.addAll(Ljava/util/Collection;[Ljava/lang/Object;)Z @ 28
Event: 3.699 Thread 0x00000000022d1800 Uncommon trap: reason=unstable_if action=reinterpret pc=0x00000000034d841c method=org.springframework.asm.ClassReader.readCode(Lorg/springframework/asm/MethodVisitor;Lorg/springframework/asm/Context;I)V @ 799
Event: 3.847 Thread 0x00000000022d1800 Uncommon trap: reason=class_check action=maybe_recompile pc=0x000000000345cf14 method=org.springframework.asm.MethodVisitor.visitMethodInsn(ILjava/lang/String;Ljava/lang/String;Ljava/lang/String;Z)V @ 64
Event: 3.847 Thread 0x00000000022d1800 Uncommon trap: reason=class_check action=maybe_recompile pc=0x000000000345cf14 method=org.springframework.asm.MethodVisitor.visitMethodInsn(ILjava/lang/String;Ljava/lang/String;Ljava/lang/String;Z)V @ 64
Event: 3.847 Thread 0x00000000022d1800 Uncommon trap: reason=class_check action=maybe_recompile pc=0x00000000034584c0 method=org.springframework.asm.MethodVisitor.visitInsn(I)V @ 12
Event: 3.849 Thread 0x00000000022d1800 Uncommon trap: reason=class_check action=maybe_recompile pc=0x000000000345cf14 method=org.springframework.asm.MethodVisitor.visitMethodInsn(ILjava/lang/String;Ljava/lang/String;Ljava/lang/String;Z)V @ 64
Event: 3.849 Thread 0x00000000022d1800 Uncommon trap: reason=class_check action=maybe_recompile pc=0x000000000345cf14 method=org.springframework.asm.MethodVisitor.visitMethodInsn(ILjava/lang/String;Ljava/lang/String;Ljava/lang/String;Z)V @ 64
Event: 3.849 Thread 0x00000000022d1800 Uncommon trap: reason=class_check action=maybe_recompile pc=0x00000000034584c0 method=org.springframework.asm.MethodVisitor.visitInsn(I)V @ 12
Event: 3.853 Thread 0x00000000022d1800 Uncommon trap: reason=class_check action=maybe_recompile pc=0x00000000034584c0 method=org.springframework.asm.MethodVisitor.visitInsn(I)V @ 12
Event: 3.854 Thread 0x00000000022d1800 Uncommon trap: reason=class_check action=maybe_recompile pc=0x00000000034584c0 method=org.springframework.asm.MethodVisitor.visitInsn(I)V @ 12

Internal exceptions (10 events):
Event: 1.675 Thread 0x00000000022d1800 Exception <a 'java/lang/ClassNotFoundException': java/lang/ObjectCustomizer> (0x000000076d609728) thrown at [C:\re\workspace\8-2-build-windows-amd64-cygwin\jdk8u45\3627\hotspot\src\share\vm\classfile\systemDictionary.cpp, line 210]
Event: 1.675 Thread 0x00000000022d1800 Exception <a 'java/lang/ClassNotFoundException': org/springframework/cloud/bootstrap/config/PropertySourceBootstrapPropertiesCustomizer> (0x000000076d6477c8) thrown at [C:\re\workspace\8-2-build-windows-amd64-cygwin\jdk8u45\3627\hotspot\src\share\vm\classf‘—*x½óú?
Event: 1.685 Thread 0x00000000022d1800 Exception <a 'java/lang/ClassNotFoundException': java/lang/ObjectCustomizer> (0x000000076d728348) thrown at [C:\re\workspace\8-2-build-windows-amd64-cygwin\jdk8u45\3627\hotspot\src\share\vm\classfile\systemDictionary.cpp, line 210]
Event: 1.685 Thread 0x00000000022d1800 Exception <a 'java/lang/ClassNotFoundException': org/springframework/cloud/bootstrap/encrypt/EnvironmentDecryptApplicationInitializerCustomizer> (0x000000076d76a978) thrown at [C:\re\workspace\8-2-build-windows-amd64-cygwin\jdk8u45\3627\hotspot\src\share\vƒz8õ­û?
Event: 1.691 Thread 0x00000000022d1800 Exception <a 'java/lang/ClassNotFoundException': java/lang/ObjectCustomizer> (0x000000076d7dddc0) thrown at [C:\re\workspace\8-2-build-windows-amd64-cygwin\jdk8u45\3627\hotspot\src\share\vm\classfile\systemDictionary.cpp, line 210]
Event: 1.692 Thread 0x00000000022d1800 Exception <a 'java/lang/ClassNotFoundException': org/springframework/cloud/context/properties/ConfigurationPropertiesRebinderCustomizer> (0x000000076d81be60) thrown at [C:\re\workspace\8-2-build-windows-amd64-cygwin\jdk8u45\3627\hotspot\src\share\vm\classf
Event: 1.814 Thread 0x00000000022d1800 Exception <a 'java/lang/ClassNotFoundException': java/lang/ObjectCustomizer> (0x000000076e1b43a8) thrown at [C:\re\workspace\8-2-build-windows-amd64-cygwin\jdk8u45\3627\hotspot\src\share\vm\classfile\systemDictionary.cpp, line 210]
Event: 1.815 Thread 0x00000000022d1800 Exception <a 'java/lang/ClassNotFoundException': org/springframework/boot/SpringApplicationCustomizer> (0x000000076e1dff10) thrown at [C:\re\workspace\8-2-build-windows-amd64-cygwin\jdk8u45\3627\hotspot\src\share\vm\classfile\systemDictionary.cpp, line 210|:Cå€iý?
Event: 1.838 Thread 0x00000000022d1800 Exception <a 'java/lang/ClassNotFoundException': java/lang/ObjectCustomizer> (0x000000076e5bbe90) thrown at [C:\re\workspace\8-2-build-windows-amd64-cygwin\jdk8u45\3627\hotspot\src\share\vm\classfile\systemDictionary.cpp, line 210]
Event: 1.839 Thread 0x00000000022d1800 Exception <a 'java/lang/ClassNotFoundException': org/springframework/cloud/config/client/ConfigClientPropertiesCustomizer> (0x000000076e5f23e0) thrown at [C:\re\workspace\8-2-build-windows-amd64-cygwin\jdk8u45\3627\hotspot\src\share\vm\classfile\systemDictÁ¼šÐNÌú?

Events (10 events):
Event: 3.977 loading class org/springframework/security/config/annotation/web/configurers/AbstractConfigAttributeRequestMatcherRegistry
Event: 3.977 loading class org/springframework/security/config/annotation/web/configurers/AbstractConfigAttributeRequestMatcherRegistry done
Event: 3.977 loading class org/springframework/security/config/annotation/web/AbstractRequestMatcherRegistry
Event: 3.977 loading class org/springframework/security/config/annotation/web/AbstractRequestMatcherRegistry done
Event: 3.982 loading class org/springframework/security/web/util/matcher/NegatedRequestMatcher
Event: 3.982 loading class org/springframework/security/web/util/matcher/NegatedRequestMatcher done
Event: 3.982 loading class org/springframework/security/web/util/matcher/AnyRequestMatcher
Event: 3.983 loading class org/springframework/security/web/util/matcher/AnyRequestMatcher done
Event: 4.020 loading class org/springframework/boot/actuate/autoconfigure/EndpointAutoConfiguration$GitInfo
Event: 4.020 loading class org/springframework/boot/actuate/autoconfigure/EndpointAutoConfiguration$GitInfo done


Dynamic libraries:
0x000000013f240000 - 0x000000013f277000 	C:\Program Files\Java\jdk1.8.0_45 - Copy\bin\java.exe
0x0000000076dc0000 - 0x0000000076f69000 	C:\Windows\SYSTEM32\ntdll.dll
0x0000000076ca0000 - 0x0000000076dbf000 	C:\Windows\system32\kernel32.dll
0x000007fefd070000 - 0x000007fefd0dc000 	C:\Windows\system32\KERNELBASE.dll
0x000007fefe390000 - 0x000007fefe46b000 	C:\Windows\system32\ADVAPI32.dll
0x000007fefeea0000 - 0x000007fefef3f000 	C:\Windows\system32\msvcrt.dll
0x000007fefe950000 - 0x000007fefe96f000 	C:\Windows\SYSTEM32\sechost.dll
0x000007fefe260000 - 0x000007fefe38d000 	C:\Windows\system32\RPCRT4.dll
0x0000000076ba0000 - 0x0000000076c9a000 	C:\Windows\system32\USER32.dll
0x000007fefe010000 - 0x000007fefe077000 	C:\Windows\system32\GDI32.dll
0x000007fefe4d0000 - 0x000007fefe4de000 	C:\Windows\system32\LPK.dll
0x000007fefde70000 - 0x000007fefdf39000 	C:\Windows\system32\USP10.dll
0x000007fefb940000 - 0x000007fefbb34000 	C:\Windows\WinSxS\amd64_microsoft.windows.common-controls_6595b64144ccf1df_6.0.7601.17514_none_fa396087175ac9ac\COMCTL32.dll
0x000007fefef40000 - 0x000007fefefb1000 	C:\Windows\system32\SHLWAPI.dll
0x000007fefe230000 - 0x000007fefe25e000 	C:\Windows\system32\IMM32.DLL
0x000007fefefc0000 - 0x000007feff0c9000 	C:\Windows\system32\MSCTF.dll
0x0000000066b00000 - 0x0000000066bd2000 	C:\Program Files\Java\jdk1.8.0_45 - Copy\jre\bin\msvcr100.dll
0x000000006ff70000 - 0x00000000707f3000 	C:\Program Files\Java\jdk1.8.0_45 - Copy\jre\bin\server\jvm.dll
0x000007fef25e0000 - 0x000007fef25e9000 	C:\Windows\system32\WSOCK32.dll
0x000007fefebf0000 - 0x000007fefec3d000 	C:\Windows\system32\WS2_32.dll
0x000007fefdf60000 - 0x000007fefdf68000 	C:\Windows\system32\NSI.dll
0x000007fef5630000 - 0x000007fef566b000 	C:\Windows\system32\WINMM.dll
0x000007fefbe60000 - 0x000007fefbe6c000 	C:\Windows\system32\VERSION.dll
0x0000000076f80000 - 0x0000000076f87000 	C:\Windows\system32\PSAPI.DLL
0x0000000071260000 - 0x000000007126f000 	C:\Program Files\Java\jdk1.8.0_45 - Copy\jre\bin\verify.dll
0x000000006e3d0000 - 0x000000006e3f9000 	C:\Program Files\Java\jdk1.8.0_45 - Copy\jre\bin\java.dll
0x000000006e410000 - 0x000000006e426000 	C:\Program Files\Java\jdk1.8.0_45 - Copy\jre\bin\zip.dll
0x000007fefd0e0000 - 0x000007fefde68000 	C:\Windows\system32\SHELL32.dll
0x000007fefe740000 - 0x000007fefe943000 	C:\Windows\system32\ole32.dll
0x000007fefcd10000 - 0x000007fefcd1f000 	C:\Windows\system32\profapi.dll
0x000007fef90a0000 - 0x000007fef90b0000 	C:\Program Files (x86)\JetBrains\IntelliJ IDEA Community Edition 2016.3.4\bin\breakgen64.dll
0x000000006f530000 - 0x000000006f54a000 	C:\Program Files\Java\jdk1.8.0_45 - Copy\jre\bin\net.dll
0x000007fefc580000 - 0x000007fefc5d5000 	C:\Windows\system32\mswsock.dll
0x000007fefc570000 - 0x000007fefc577000 	C:\Windows\System32\wship6.dll
0x000007fef9ac0000 - 0x000007fef9ae7000 	C:\Windows\system32\IPHLPAPI.DLL
0x000007fef9aa0000 - 0x000007fef9aab000 	C:\Windows\system32\WINNSI.DLL
0x000007fef98c0000 - 0x000007fef98d1000 	C:\Windows\system32\dhcpcsvc6.DLL
0x000007fef98a0000 - 0x000007fef98b8000 	C:\Windows\system32\dhcpcsvc.DLL
0x000007fefc400000 - 0x000007fefc45b000 	C:\Windows\system32\DNSAPI.dll
0x000007fefbf30000 - 0x000007fefbf37000 	C:\Windows\System32\wshtcpip.dll
0x000007fef94a0000 - 0x000007fef94a8000 	C:\Windows\system32\rasadhlp.dll
0x000007fef9950000 - 0x000007fef99a3000 	C:\Windows\System32\fwpuclnt.dll
0x00000000711d0000 - 0x00000000711dd000 	C:\Program Files\Java\jdk1.8.0_45 - Copy\jre\bin\management.dll
0x000007fef9e20000 - 0x000007fef9e35000 	C:\Windows\system32\NLAapi.dll
0x000007fef6730000 - 0x000007fef6745000 	C:\Windows\system32\napinsp.dll
0x000007fef6710000 - 0x000007fef6729000 	C:\Windows\system32\pnrpnsp.dll
0x000007fef6670000 - 0x000007fef667b000 	C:\Windows\System32\winrnr.dll
0x000000006e350000 - 0x000000006e361000 	C:\Program Files\Java\jdk1.8.0_45 - Copy\jre\bin\nio.dll
0x000007fef5670000 - 0x000007fef5795000 	C:\Windows\system32\dbghelp.dll

VM Arguments:
jvm_args: -Didea.launcher.port=7545 -Didea.launcher.bin.path=C:\Program Files (x86)\JetBrains\IntelliJ IDEA Community Edition 2016.3.4\bin -Dfile.encoding=UTF-8 
java_command: com.intellij.rt.execution.application.AppMain com.notification.NotificationServiceApplication
java_class_path (initial): C:\Program Files\Java\jdk1.8.0_45 - Copy\jre\lib\charsets.jar;C:\Program Files\Java\jdk1.8.0_45 - Copy\jre\lib\deploy.jar;C:\Program Files\Java\jdk1.8.0_45 - Copy\jre\lib\ext\access-bridge-64.jar;C:\Program Files\Java\jdk1.8.0_45 - Copy\jre\lib\ext\bcmail-jdk15on-155.jar;C:\Program Files\Java\jdk1.8.0_45 - Copy\jre\lib\ext\bcpg-jdk15on-155.jar;C:\Program Files\Java\jdk1.8.0_45 - Copy\jre\lib\ext\bcpkix-jdk15on-155.jar;C:\Program Files\Java\jdk1.8.0_45 - Copy\jre\lib\ext\bcprov-ext-jdk15on-155.jar;C:\Program Files\Java\jdk1.8.0_45 - Copy\jre\lib\ext\bcprov-jdk15on-155.jar;C:\Program Files\Java\jdk1.8.0_45 - Copy\jre\lib\ext\bctest-jdk15on-155.jar;C:\Program Files\Java\jdk1.8.0_45 - Copy\jre\lib\ext\cldrdata.jar;C:\Program Files\Java\jdk1.8.0_45 - Copy\jre\lib\ext\dnsns.jar;C:\Program Files\Java\jdk1.8.0_45 - Copy\jre\lib\ext\jaccess.jar;C:\Program Files\Java\jdk1.8.0_45 - Copy\jre\lib\ext\jfxrt.jar;C:\Program Files\Java\jdk1.8.0_45 - Copy\jre\lib\ext\localedata.jar;C:\Program Files\Java\jdk1.8.0_45 - Copy\jre\lib\ext\nashorn.jar;C:\Program Files\Java\jdk1.8.0_45 - Copy\jre\lib\ext\sunec.jar;C:\Program Files\Java\jdk1.8.0_45 - Copy\jre\lib\ext\sunjce_provider.jar;C:\Program Files\Java\jdk1.8.0_45 - Copy\jre\lib\ext\sunmscapi.jar;C:\Program Files\Java\jdk1.8.0_45 - Copy\jre\lib\ext\sunpkcs11.jar;C:\Program Files\Java\jdk1.8.0_45 - Copy\jre\lib\ext\zipfs.jar;C:\Program Files\Java\jdk1.8.0_45 - Copy\jre\lib\javaws.jar;C:\Program Files\Java\jdk1.8.0_45 - Copy\jre\lib\jce.jar;C:\Program Files\Java\jdk1.8.0_45 - Copy\jre\lib\jfr.jar;C:\Program Files\Java\jdk1.8.0_45 - Copy\jre\lib\jfxswt.jar;C:\Program Files\Java\jdk1.8.0_45 - Copy\jre\lib\jsse.jar;C:\Program Files\Java\jdk1.8.0_45 - Copy\jre\lib\management-agent.jar;C:\Program Files\Java\jdk1.8.0_45 - Copy\jre\lib\plugin.jar;C:\Program Files\Java\jdk1.8.0_45 - Copy\jre\lib\resources.jar;C:\Program Files\Java\jdk1.8.0_45 - Copy\jre\lib\rt.jar;D:\kevin\workspace1.8\i1\spring-cloud\notification-se
Launcher Type: SUN_STANDARD

Environment Variables:
JAVA_HOME=C:\Program Files\Java\jdk1.6.0_45
PATH=C:\Program Files\Java\jdk1.6.0_45\jre\bin;C:\gradle-2.10\bin;C:\apache-maven-3.3.3\bin;D:\app\t5251637\product\12.1.0\dbhome_1\bin;C:\apache-ant-1.9.5\bin;C:\ProgramData\Oracle\Java\javapath;C:\Program Files (x86)\Intel\iCLS Client\;C:\Program Files\Intel\iCLS Client\;C:\Windows\system32;C:\Windows;C:\Windows\System32\Wbem;C:\Windows\System32\WindowsPowerShell\v1.0\;C:\Program Files\Intel\Intel(R) Management Engine Components\DAL;C:\Program Files\Intel\Intel(R) Management Engine Components\IPT;C:\Program Files (x86)\Intel\Intel(R) Management Engine Components\DAL;C:\Program Files (x86)\Intel\Intel(R) Management Engine Components\IPT;C:\Program Files\MongoDB\Server\3.2\bin;C:\Program Files\nodejs\;C:\Program Files (x86)\Skype\Phone\;C:\Program Files\TortoiseGit\bin;C:\HashiCorp\Vagrant\bin;D:\Users\t5251637\AppData\Local\Android\sdk\tools;D:\Users\t5251637\AppData\Local\Android\sdk\platform-tools;C:\Program Files\Java\jdk1.6.0_45\jre\bin;C:\gradle-2.10\bin;C:\Program Files (x86)\CVSNT\;C:\Program Files\MongoDB\Server\3.2\bin;D:\Users\t5251637\AppData\Roaming\npm;C:\Ruby23-x64\bin;C:\Program Files\Docker Toolbox;C:\apache-ant-1.9.5\bin
USERNAME=t5251637
OS=Windows_NT
PROCESSOR_IDENTIFIER=Intel64 Family 6 Model 60 Stepping 3, GenuineIntel



---------------  S Y S T E M  ---------------

OS: Windows 7 , 64 bit Build 7601 (6.1.7601.17965)

CPU:total 8 (4 cores per cpu, 2 threads per core) family 6 model 60 stepping 3, cmov, cx8, fxsr, mmx, sse, sse2, sse3, ssse3, sse4.1, sse4.2, popcnt, avx, avx2, aes, clmul, erms, lzcnt, ht, tsc, tscinvbit, bmi1, bmi2

Memory: 4k page, physical 16683116k(900156k free), swap 31060248k(47236k free)

vm_info: Java HotSpot(TM) 64-Bit Server VM (25.45-b02) for windows-amd64 JRE (1.8.0_45-b15), built on Apr 30 2015 12:40:44 by "java_re" with MS VC++ 10.0 (VS2010)

time: Tue Mar 28 16:38:27 2017
elapsed time: 6 seconds (0d 0h 0m 6s)

